<?xml version="1.0" encoding="UTF-8"?>
<testng-results ignored="0" total="1" passed="1" failed="0" skipped="0">
  <reporter-output>
  </reporter-output>
  <suite started-at="2022-11-01T12:36:14Z" name="Suite" finished-at="2022-11-01T12:36:30Z" duration-ms="15893">
    <groups>
    </groups>
    <test started-at="2022-11-01T12:36:14Z" name="Test" finished-at="2022-11-01T12:36:30Z" duration-ms="15893">
      <class name="tests.CompareTests">
        <test-method is-config="true" signature="BeforeTest()[pri:0, instance:tests.CompareTests@1bae316d]" started-at="2022-11-01T12:36:14Z" name="BeforeTest" finished-at="2022-11-01T12:36:14Z" duration-ms="156" status="PASS">
          <reporter-output>
          </reporter-output>
        </test-method> <!-- BeforeTest -->
        <test-method is-config="true" signature="BeforeMethod(java.lang.reflect.Method)[pri:0, instance:tests.CompareTests@1bae316d]" started-at="2022-11-01T12:36:14Z" name="BeforeMethod" finished-at="2022-11-01T12:36:22Z" duration-ms="7616" status="PASS">
          <params>
            <param index="0">
              <value>
                <![CDATA[public void tests.CompareTests.compareReleaseDate_country() throws java.lang.InterruptedException]]>
              </value>
            </param>
          </params>
          <reporter-output>
          </reporter-output>
        </test-method> <!-- BeforeMethod -->
        <test-method signature="compareReleaseDate_country()[pri:0, instance:tests.CompareTests@1bae316d]" started-at="2022-11-01T12:36:22Z" name="compareReleaseDate_country" finished-at="2022-11-01T12:36:29Z" duration-ms="6974" status="PASS">
          <reporter-output>
          </reporter-output>
        </test-method> <!-- compareReleaseDate_country -->
        <test-method is-config="true" signature="AfterMethod()[pri:0, instance:tests.CompareTests@1bae316d]" started-at="2022-11-01T12:36:29Z" name="AfterMethod" finished-at="2022-11-01T12:36:30Z" duration-ms="777" status="PASS">
          <reporter-output>
          </reporter-output>
        </test-method> <!-- AfterMethod -->
        <test-method is-config="true" signature="AfterTest()[pri:0, instance:tests.CompareTests@1bae316d]" started-at="2022-11-01T12:36:30Z" name="AfterTest" finished-at="2022-11-01T12:36:30Z" duration-ms="350" status="PASS">
          <reporter-output>
          </reporter-output>
        </test-method> <!-- AfterTest -->
      </class> <!-- tests.CompareTests -->
    </test> <!-- Test -->
  </suite> <!-- Suite -->
</testng-results>
