<?xml version="1.0" encoding="UTF-8"?>
<testng-results ignored="0" total="1" passed="1" failed="0" skipped="0">
  <reporter-output>
  </reporter-output>
  <suite started-at="2022-11-01T12:33:38Z" name="Suite" finished-at="2022-11-01T12:33:53Z" duration-ms="15227">
    <groups>
    </groups>
    <test started-at="2022-11-01T12:33:38Z" name="Test" finished-at="2022-11-01T12:33:53Z" duration-ms="15227">
      <class name="tests.CompareTests">
        <test-method is-config="true" signature="BeforeTest()[pri:0, instance:tests.CompareTests@6ee4d9ab]" started-at="2022-11-01T12:33:38Z" name="BeforeTest" finished-at="2022-11-01T12:33:38Z" duration-ms="239" status="PASS">
          <reporter-output>
          </reporter-output>
        </test-method> <!-- BeforeTest -->
        <test-method is-config="true" signature="BeforeMethod(java.lang.reflect.Method)[pri:0, instance:tests.CompareTests@6ee4d9ab]" started-at="2022-11-01T12:33:38Z" name="BeforeMethod" finished-at="2022-11-01T12:33:45Z" duration-ms="6893" status="PASS">
          <params>
            <param index="0">
              <value>
                <![CDATA[public void tests.CompareTests.compareReleaseDate_country() throws java.lang.InterruptedException]]>
              </value>
            </param>
          </params>
          <reporter-output>
          </reporter-output>
        </test-method> <!-- BeforeMethod -->
        <test-method signature="compareReleaseDate_country()[pri:0, instance:tests.CompareTests@6ee4d9ab]" started-at="2022-11-01T12:33:45Z" name="compareReleaseDate_country" finished-at="2022-11-01T12:33:52Z" duration-ms="6923" status="PASS">
          <reporter-output>
          </reporter-output>
        </test-method> <!-- compareReleaseDate_country -->
        <test-method is-config="true" signature="AfterMethod()[pri:0, instance:tests.CompareTests@6ee4d9ab]" started-at="2022-11-01T12:33:52Z" name="AfterMethod" finished-at="2022-11-01T12:33:53Z" duration-ms="804" status="PASS">
          <reporter-output>
          </reporter-output>
        </test-method> <!-- AfterMethod -->
        <test-method is-config="true" signature="AfterTest()[pri:0, instance:tests.CompareTests@6ee4d9ab]" started-at="2022-11-01T12:33:53Z" name="AfterTest" finished-at="2022-11-01T12:33:53Z" duration-ms="349" status="PASS">
          <reporter-output>
          </reporter-output>
        </test-method> <!-- AfterTest -->
      </class> <!-- tests.CompareTests -->
    </test> <!-- Test -->
  </suite> <!-- Suite -->
</testng-results>
